<?xml version="1.0" encoding="UTF-8"?>
<testng-results ignored="0" total="1" passed="1" failed="0" skipped="0">
  <reporter-output>
  </reporter-output>
  <suite started-at="2023-02-23T12:28:46 IST" name="Default suite" finished-at="2023-02-23T12:28:49 IST" duration-ms="3901">
    <groups>
    </groups>
    <test started-at="2023-02-23T12:28:46 IST" name="Default test" finished-at="2023-02-23T12:28:49 IST" duration-ms="3901">
      <class name="com.web.test.FirstTestNG">
        <test-method is-config="true" signature="setUp()[pri:0, instance:com.web.test.FirstTestNG@eadd4fb]" started-at="2023-02-23T12:28:46 IST" name="setUp" finished-at="2023-02-23T12:28:47 IST" duration-ms="1005" status="PASS">
          <reporter-output>
          </reporter-output>
        </test-method> <!-- setUp -->
        <test-method signature="checkBox()[pri:1, instance:com.web.test.FirstTestNG@eadd4fb]" started-at="2023-02-23T12:28:47 IST" name="checkBox" finished-at="2023-02-23T12:28:49 IST" duration-ms="2755" status="PASS">
          <reporter-output>
          </reporter-output>
        </test-method> <!-- checkBox -->
        <test-method is-config="true" signature="closeDriver()[pri:0, instance:com.web.test.FirstTestNG@eadd4fb]" started-at="2023-02-23T12:28:49 IST" name="closeDriver" finished-at="2023-02-23T12:28:49 IST" duration-ms="119" status="PASS">
          <reporter-output>
          </reporter-output>
        </test-method> <!-- closeDriver -->
      </class> <!-- com.web.test.FirstTestNG -->
    </test> <!-- Default test -->
  </suite> <!-- Default suite -->
</testng-results>
